

Microchip MPLAB XC8 Assembler V2.31 build 20201012212115 
                                                                                               Thu Sep 02 15:49:52 2021

Microchip MPLAB XC8 C Compiler v2.31 (Free license) build 20201012212115 Og1 
     1                           	processor	16F887
     2                           	pagewidth 120
     3                           	opt	flic
     4                           	psect	cinit,global,class=CODE,merge=1,delta=2
     5                           	psect	bssCOMMON,global,class=COMMON,space=1,delta=1,noexec
     6                           	psect	bssBANK0,global,class=BANK0,space=1,delta=1,noexec
     7                           	psect	cstackCOMMON,global,class=COMMON,space=1,delta=1,noexec
     8                           	psect	cstackBANK0,global,class=BANK0,space=1,delta=1,noexec
     9                           	psect	maintext,global,class=CODE,split=1,delta=2
    10                           	psect	text1,local,class=CODE,merge=1,delta=2
    11                           	psect	text2,local,class=CODE,merge=1,delta=2
    12                           	psect	text3,local,class=CODE,merge=1,delta=2
    13                           	psect	intentry,global,class=CODE,delta=2
    14                           	psect	text4,local,class=CODE,merge=1,delta=2
    15                           	psect	text5,local,class=CODE,merge=1,delta=2
    16                           	psect	config,global,abs,ovrld,class=CONFIG,space=4,delta=2,noexec
    17                           	dabs	1,0x7E,2
    18  0000                     
    19                           ; Version 2.20
    20                           ; Generated 12/02/2020 GMT
    21                           ; 
    22                           ; Copyright © 2020, Microchip Technology Inc. and its subsidiaries ("Microchip")
    23                           ; All rights reserved.
    24                           ; 
    25                           ; This software is developed by Microchip Technology Inc. and its subsidiaries ("Microch
      +                          ip").
    26                           ; 
    27                           ; Redistribution and use in source and binary forms, with or without modification, are
    28                           ; permitted provided that the following conditions are met:
    29                           ; 
    30                           ;     1. Redistributions of source code must retain the above copyright notice, this lis
      +                          t of
    31                           ;        conditions and the following disclaimer.
    32                           ; 
    33                           ;     2. Redistributions in binary form must reproduce the above copyright notice, this 
      +                          list
    34                           ;        of conditions and the following disclaimer in the documentation and/or other
    35                           ;        materials provided with the distribution.
    36                           ; 
    37                           ;     3. Microchip's name may not be used to endorse or promote products derived from th
      +                          is
    38                           ;        software without specific prior written permission.
    39                           ; 
    40                           ; THIS SOFTWARE IS PROVIDED BY MICROCHIP "AS IS" AND ANY EXPRESS OR IMPLIED WARRANTIES,
    41                           ; INCLUDING, BUT NOT LIMITED TO, THE IMPLIED WARRANTIES OF MERCHANTABILITY AND FITNESS F
      +                          OR
    42                           ; PURPOSE ARE DISCLAIMED.  IN NO EVENT SHALL MICROCHIP BE LIABLE FOR ANY DIRECT, INDIREC
      +                          T,
    43                           ; INCIDENTAL, SPECIAL, EXEMPLARY, OR CONSEQUENTIAL DAMAGES (INCLUDING BUT NOT LIMITED TO
    44                           ; PROCUREMENT OF SUBSTITUTE GOODS OR SERVICES; LOSS OF USE, DATA OR PROFITS; OR BUSINESS
    45                           ; INTERRUPTION) HOWSOEVER CAUSED AND ON ANY THEORY OF LIABILITY, WHETHER IN CONTRACT, ST
      +                          RICT
    46                           ; LIABILITY, OR TORT (INCLUDING NEGLIGENCE OR OTHERWISE) ARISING IN ANY WAY OUT OF THE U
      +                          SE OF
    47                           ; THIS SOFTWARE, EVEN IF ADVISED OF THE POSSIBILITY OF SUCH DAMAGE.
    48                           ; 
    49                           ; 
    50                           ; Code-generator required, PIC16F887 Definitions
    51                           ; 
    52                           ; SFR Addresses
    53  0000                     	;# 
    54  0001                     	;# 
    55  0002                     	;# 
    56  0003                     	;# 
    57  0004                     	;# 
    58  0005                     	;# 
    59  0006                     	;# 
    60  0007                     	;# 
    61  0008                     	;# 
    62  0009                     	;# 
    63  000A                     	;# 
    64  000B                     	;# 
    65  000C                     	;# 
    66  000D                     	;# 
    67  000E                     	;# 
    68  000E                     	;# 
    69  000F                     	;# 
    70  0010                     	;# 
    71  0011                     	;# 
    72  0012                     	;# 
    73  0013                     	;# 
    74  0014                     	;# 
    75  0015                     	;# 
    76  0015                     	;# 
    77  0016                     	;# 
    78  0017                     	;# 
    79  0018                     	;# 
    80  0019                     	;# 
    81  001A                     	;# 
    82  001B                     	;# 
    83  001B                     	;# 
    84  001C                     	;# 
    85  001D                     	;# 
    86  001E                     	;# 
    87  001F                     	;# 
    88  0081                     	;# 
    89  0085                     	;# 
    90  0086                     	;# 
    91  0087                     	;# 
    92  0088                     	;# 
    93  0089                     	;# 
    94  008C                     	;# 
    95  008D                     	;# 
    96  008E                     	;# 
    97  008F                     	;# 
    98  0090                     	;# 
    99  0091                     	;# 
   100  0092                     	;# 
   101  0093                     	;# 
   102  0093                     	;# 
   103  0093                     	;# 
   104  0094                     	;# 
   105  0095                     	;# 
   106  0096                     	;# 
   107  0097                     	;# 
   108  0098                     	;# 
   109  0099                     	;# 
   110  009A                     	;# 
   111  009B                     	;# 
   112  009C                     	;# 
   113  009D                     	;# 
   114  009E                     	;# 
   115  009F                     	;# 
   116  0105                     	;# 
   117  0107                     	;# 
   118  0108                     	;# 
   119  0109                     	;# 
   120  010C                     	;# 
   121  010C                     	;# 
   122  010D                     	;# 
   123  010E                     	;# 
   124  010F                     	;# 
   125  0185                     	;# 
   126  0187                     	;# 
   127  0188                     	;# 
   128  0189                     	;# 
   129  018C                     	;# 
   130  018D                     	;# 
   131  0000                     	;# 
   132  0001                     	;# 
   133  0002                     	;# 
   134  0003                     	;# 
   135  0004                     	;# 
   136  0005                     	;# 
   137  0006                     	;# 
   138  0007                     	;# 
   139  0008                     	;# 
   140  0009                     	;# 
   141  000A                     	;# 
   142  000B                     	;# 
   143  000C                     	;# 
   144  000D                     	;# 
   145  000E                     	;# 
   146  000E                     	;# 
   147  000F                     	;# 
   148  0010                     	;# 
   149  0011                     	;# 
   150  0012                     	;# 
   151  0013                     	;# 
   152  0014                     	;# 
   153  0015                     	;# 
   154  0015                     	;# 
   155  0016                     	;# 
   156  0017                     	;# 
   157  0018                     	;# 
   158  0019                     	;# 
   159  001A                     	;# 
   160  001B                     	;# 
   161  001B                     	;# 
   162  001C                     	;# 
   163  001D                     	;# 
   164  001E                     	;# 
   165  001F                     	;# 
   166  0081                     	;# 
   167  0085                     	;# 
   168  0086                     	;# 
   169  0087                     	;# 
   170  0088                     	;# 
   171  0089                     	;# 
   172  008C                     	;# 
   173  008D                     	;# 
   174  008E                     	;# 
   175  008F                     	;# 
   176  0090                     	;# 
   177  0091                     	;# 
   178  0092                     	;# 
   179  0093                     	;# 
   180  0093                     	;# 
   181  0093                     	;# 
   182  0094                     	;# 
   183  0095                     	;# 
   184  0096                     	;# 
   185  0097                     	;# 
   186  0098                     	;# 
   187  0099                     	;# 
   188  009A                     	;# 
   189  009B                     	;# 
   190  009C                     	;# 
   191  009D                     	;# 
   192  009E                     	;# 
   193  009F                     	;# 
   194  0105                     	;# 
   195  0107                     	;# 
   196  0108                     	;# 
   197  0109                     	;# 
   198  010C                     	;# 
   199  010C                     	;# 
   200  010D                     	;# 
   201  010E                     	;# 
   202  010F                     	;# 
   203  0185                     	;# 
   204  0187                     	;# 
   205  0188                     	;# 
   206  0189                     	;# 
   207  018C                     	;# 
   208  018D                     	;# 
   209  0000                     	;# 
   210  0001                     	;# 
   211  0002                     	;# 
   212  0003                     	;# 
   213  0004                     	;# 
   214  0005                     	;# 
   215  0006                     	;# 
   216  0007                     	;# 
   217  0008                     	;# 
   218  0009                     	;# 
   219  000A                     	;# 
   220  000B                     	;# 
   221  000C                     	;# 
   222  000D                     	;# 
   223  000E                     	;# 
   224  000E                     	;# 
   225  000F                     	;# 
   226  0010                     	;# 
   227  0011                     	;# 
   228  0012                     	;# 
   229  0013                     	;# 
   230  0014                     	;# 
   231  0015                     	;# 
   232  0015                     	;# 
   233  0016                     	;# 
   234  0017                     	;# 
   235  0018                     	;# 
   236  0019                     	;# 
   237  001A                     	;# 
   238  001B                     	;# 
   239  001B                     	;# 
   240  001C                     	;# 
   241  001D                     	;# 
   242  001E                     	;# 
   243  001F                     	;# 
   244  0081                     	;# 
   245  0085                     	;# 
   246  0086                     	;# 
   247  0087                     	;# 
   248  0088                     	;# 
   249  0089                     	;# 
   250  008C                     	;# 
   251  008D                     	;# 
   252  008E                     	;# 
   253  008F                     	;# 
   254  0090                     	;# 
   255  0091                     	;# 
   256  0092                     	;# 
   257  0093                     	;# 
   258  0093                     	;# 
   259  0093                     	;# 
   260  0094                     	;# 
   261  0095                     	;# 
   262  0096                     	;# 
   263  0097                     	;# 
   264  0098                     	;# 
   265  0099                     	;# 
   266  009A                     	;# 
   267  009B                     	;# 
   268  009C                     	;# 
   269  009D                     	;# 
   270  009E                     	;# 
   271  009F                     	;# 
   272  0105                     	;# 
   273  0107                     	;# 
   274  0108                     	;# 
   275  0109                     	;# 
   276  010C                     	;# 
   277  010C                     	;# 
   278  010D                     	;# 
   279  010E                     	;# 
   280  010F                     	;# 
   281  0185                     	;# 
   282  0187                     	;# 
   283  0188                     	;# 
   284  0189                     	;# 
   285  018C                     	;# 
   286  018D                     	;# 
   287  001E                     _ADRESH	set	30
   288  000C                     _PIR1bits	set	12
   289  000B                     _INTCONbits	set	11
   290  0005                     _PORTA	set	5
   291  0006                     _PORTB	set	6
   292  001F                     _ADCON0bits	set	31
   293  0007                     _PORTC	set	7
   294  0008                     _PORTD	set	8
   295  0009                     _PORTE	set	9
   296  0001                     _TMR0	set	1
   297  0066                     _ADIF	set	102
   298  002A                     _RA2	set	42
   299  0031                     _RB1	set	49
   300  0030                     _RB0	set	48
   301  0058                     _RBIF	set	88
   302  0049                     _RE1	set	73
   303  0048                     _RE0	set	72
   304  005A                     _T0IF	set	90
   305  008C                     _PIE1bits	set	140
   306  0096                     _IOCBbits	set	150
   307  0095                     _WPUB	set	149
   308  0081                     _OPTION_REGbits	set	129
   309  009F                     _ADCON1bits	set	159
   310  008F                     _OSCCONbits	set	143
   311  0089                     _TRISE	set	137
   312  0088                     _TRISD	set	136
   313  0085                     _TRISA	set	133
   314  0087                     _TRISC	set	135
   315  0086                     _TRISB	set	134
   316  0189                     _ANSELH	set	393
   317  0188                     _ANSEL	set	392
   318                           
   319                           	psect	cinit
   320  0011                     start_initialization:	
   321                           ; #config settings
   322                           
   323  0011                     __initialization:
   324                           
   325                           ; Clear objects allocated to COMMON
   326  0011  01F9               	clrf	__pbssCOMMON& (0+127)
   327  0012  01FA               	clrf	(__pbssCOMMON+1)& (0+127)
   328  0013  01FB               	clrf	(__pbssCOMMON+2)& (0+127)
   329  0014  01FC               	clrf	(__pbssCOMMON+3)& (0+127)
   330  0015  01FD               	clrf	(__pbssCOMMON+4)& (0+127)
   331                           
   332                           ; Clear objects allocated to BANK0
   333  0016  1283               	bcf	3,5	;RP0=0, select bank0
   334  0017  1303               	bcf	3,6	;RP1=0, select bank0
   335  0018  01A0               	clrf	__pbssBANK0& (0+127)
   336  0019  01A1               	clrf	(__pbssBANK0+1)& (0+127)
   337  001A  01A2               	clrf	(__pbssBANK0+2)& (0+127)
   338  001B                     end_of_initialization:	
   339                           ;End of C runtime variable initialization code
   340                           
   341  001B                     __end_of__initialization:
   342  001B  0183               	clrf	3
   343  001C  120A  118A  2960   	ljmp	_main	;jump to C main() function
   344                           
   345                           	psect	bssCOMMON
   346  0079                     __pbssCOMMON:
   347  0079                     _Suitw:
   348  0079                     	ds	1
   349  007A                     _Nibble2:
   350  007A                     	ds	1
   351  007B                     _Nibble:
   352  007B                     	ds	1
   353  007C                     _V1:
   354  007C                     	ds	1
   355  007D                     _V:
   356  007D                     	ds	1
   357                           
   358                           	psect	bssBANK0
   359  0020                     __pbssBANK0:
   360  0020                     _Centena:
   361  0020                     	ds	1
   362  0021                     _Decena:
   363  0021                     	ds	1
   364  0022                     _Unidad:
   365  0022                     	ds	1
   366                           
   367                           	psect	cstackCOMMON
   368  0070                     __pcstackCOMMON:
   369  0070                     ?_Recib_ADC:
   370  0070                     ??_Recib_ADC:	
   371                           ; 1 bytes @ 0x0
   372                           
   373  0070                     ?_Setup:	
   374                           ; 1 bytes @ 0x0
   375                           
   376  0070                     ?_Stard_ADC:	
   377                           ; 1 bytes @ 0x0
   378                           
   379  0070                     ?_isr:	
   380                           ; 1 bytes @ 0x0
   381                           
   382  0070                     ?_main:	
   383                           ; 1 bytes @ 0x0
   384                           
   385  0070                     ?_Tabla:	
   386                           ; 1 bytes @ 0x0
   387                           
   388  0070                     Tabla@V1:	
   389                           ; 2 bytes @ 0x0
   390                           
   391                           
   392                           ; 2 bytes @ 0x0
   393  0070                     	ds	2
   394  0072                     ??_Tabla:
   395  0072                     Tabla@w:	
   396                           ; 1 bytes @ 0x2
   397                           
   398                           
   399                           ; 2 bytes @ 0x2
   400  0072                     	ds	2
   401  0074                     ??_isr:
   402                           
   403                           ; 1 bytes @ 0x4
   404  0074                     	ds	5
   405                           
   406                           	psect	cstackBANK0
   407  0023                     __pcstackBANK0:
   408  0023                     ??_Setup:
   409  0023                     ??_Stard_ADC:	
   410                           ; 1 bytes @ 0x0
   411                           
   412                           
   413                           ; 1 bytes @ 0x0
   414  0023                     	ds	1
   415  0024                     ??_main:
   416                           
   417                           ; 1 bytes @ 0x1
   418  0024                     	ds	2
   419                           
   420                           	psect	maintext
   421  0160                     __pmaintext:	
   422 ;;
   423 ;;Main: autosize = 0, tempsize = 2, incstack = 0, save=0
   424 ;;
   425 ;; *************** function _main *****************
   426 ;; Defined at:
   427 ;;		line 90 in file "Dig2_LAb.c"
   428 ;; Parameters:    Size  Location     Type
   429 ;;		None
   430 ;; Auto vars:     Size  Location     Type
   431 ;;		None
   432 ;; Return value:  Size  Location     Type
   433 ;;                  1    wreg      void 
   434 ;; Registers used:
   435 ;;		wreg, status,2, status,0, pclath, cstack
   436 ;; Tracked objects:
   437 ;;		On entry : B00/0
   438 ;;		On exit  : 0/0
   439 ;;		Unchanged: 0/0
   440 ;; Data sizes:     COMMON   BANK0   BANK1   BANK3   BANK2
   441 ;;      Params:         0       0       0       0       0
   442 ;;      Locals:         0       0       0       0       0
   443 ;;      Temps:          0       2       0       0       0
   444 ;;      Totals:         0       2       0       0       0
   445 ;;Total ram usage:        2 bytes
   446 ;; Hardware stack levels required when called:    3
   447 ;; This function calls:
   448 ;;		_Setup
   449 ;;		_Stard_ADC
   450 ;; This function is called by:
   451 ;;		Startup code after reset
   452 ;; This function uses a non-reentrant model
   453 ;;
   454                           
   455                           
   456                           ;psect for function _main
   457  0160                     _main:
   458  0160                     l1119:	
   459                           ;incstack = 0
   460                           ; Regs used in _main: [wreg+status,2+status,0+pclath+cstack]
   461                           
   462                           
   463                           ;Dig2_LAb.c: 91:      Setup();
   464  0160  120A  118A  2115  120A  118A  	fcall	_Setup
   465  0165                     l1121:
   466                           
   467                           ;Dig2_LAb.c: 92:     _delay((unsigned long)((50)*(4000000/4000000.0)));
   468  0165  300F               	movlw	15
   469  0166  1283               	bcf	3,5	;RP0=0, select bank0
   470  0167  1303               	bcf	3,6	;RP1=0, select bank0
   471  0168  00A4               	movwf	??_main
   472  0169                     u257:
   473  0169  0BA4               	decfsz	??_main,f
   474  016A  2969               	goto	u257
   475  016B  296C               	nop2
   476  016C                     l1123:
   477                           
   478                           ;Dig2_LAb.c: 93:     ADCON0bits.GO = 1;
   479  016C  1283               	bcf	3,5	;RP0=0, select bank0
   480  016D  1303               	bcf	3,6	;RP1=0, select bank0
   481  016E  149F               	bsf	31,1	;volatile
   482  016F                     l1125:
   483                           
   484                           ;Dig2_LAb.c: 95:          Nibble = V & 0x0F;
   485  016F  087D               	movf	_V,w
   486  0170  390F               	andlw	15
   487  0171  00A4               	movwf	??_main
   488  0172  0824               	movf	??_main,w
   489  0173  00FB               	movwf	_Nibble
   490  0174                     l1127:
   491                           
   492                           ;Dig2_LAb.c: 96:          Nibble2 = (V>>4) & 0x0F;
   493  0174  087D               	movf	_V,w
   494  0175  00A4               	movwf	??_main
   495  0176  3004               	movlw	4
   496  0177                     u215:
   497  0177  1003               	clrc
   498  0178  0CA4               	rrf	??_main,f
   499  0179  3EFF               	addlw	-1
   500  017A  1D03               	skipz
   501  017B  2977               	goto	u215
   502  017C  0824               	movf	??_main,w
   503  017D  390F               	andlw	15
   504  017E  00A5               	movwf	??_main+1
   505  017F  0825               	movf	??_main+1,w
   506  0180  00FA               	movwf	_Nibble2
   507  0181                     l1129:
   508                           
   509                           ;Dig2_LAb.c: 98:          Stard_ADC();
   510  0181  120A  118A  21B5  120A  118A  	fcall	_Stard_ADC
   511  0186                     l1131:
   512                           
   513                           ;Dig2_LAb.c: 100:         if(V > PORTC){
   514  0186  087D               	movf	_V,w
   515  0187  1283               	bcf	3,5	;RP0=0, select bank0
   516  0188  1303               	bcf	3,6	;RP1=0, select bank0
   517  0189  0207               	subwf	7,w	;volatile
   518  018A  1803               	skipnc
   519  018B  298D               	goto	u221
   520  018C  298E               	goto	u220
   521  018D                     u221:
   522  018D  298F               	goto	l1135
   523  018E                     u220:
   524  018E                     l1133:
   525                           
   526                           ;Dig2_LAb.c: 101:             RA2 = 1;
   527  018E  1505               	bsf	5,2	;volatile
   528  018F                     l1135:
   529                           
   530                           ;Dig2_LAb.c: 103:         if(V < PORTC || V == PORTC ){
   531  018F  0807               	movf	7,w	;volatile
   532  0190  027D               	subwf	_V,w
   533  0191  1C03               	skipc
   534  0192  2994               	goto	u231
   535  0193  2995               	goto	u230
   536  0194                     u231:
   537  0194  299B               	goto	l104
   538  0195                     u230:
   539  0195                     l1137:
   540  0195  087D               	movf	_V,w
   541  0196  0607               	xorwf	7,w	;volatile
   542  0197  1D03               	skipz
   543  0198  299A               	goto	u241
   544  0199  299B               	goto	u240
   545  019A                     u241:
   546  019A  296F               	goto	l1125
   547  019B                     u240:
   548  019B                     l104:
   549                           
   550                           ;Dig2_LAb.c: 104:             RA2 = 0;
   551  019B  1105               	bcf	5,2	;volatile
   552  019C  296F               	goto	l1125
   553  019D  120A  118A  280E   	ljmp	start
   554  01A0                     __end_of_main:
   555                           
   556                           	psect	text1
   557  01B5                     __ptext1:	
   558 ;; *************** function _Stard_ADC *****************
   559 ;; Defined at:
   560 ;;		line 17 in file "ADC.c"
   561 ;; Parameters:    Size  Location     Type
   562 ;;		None
   563 ;; Auto vars:     Size  Location     Type
   564 ;;		None
   565 ;; Return value:  Size  Location     Type
   566 ;;                  1    wreg      void 
   567 ;; Registers used:
   568 ;;		wreg
   569 ;; Tracked objects:
   570 ;;		On entry : 0/0
   571 ;;		On exit  : 0/0
   572 ;;		Unchanged: 0/0
   573 ;; Data sizes:     COMMON   BANK0   BANK1   BANK3   BANK2
   574 ;;      Params:         0       0       0       0       0
   575 ;;      Locals:         0       0       0       0       0
   576 ;;      Temps:          0       1       0       0       0
   577 ;;      Totals:         0       1       0       0       0
   578 ;;Total ram usage:        1 bytes
   579 ;; Hardware stack levels used:    1
   580 ;; Hardware stack levels required when called:    2
   581 ;; This function calls:
   582 ;;		Nothing
   583 ;; This function is called by:
   584 ;;		_main
   585 ;; This function uses a non-reentrant model
   586 ;;
   587                           
   588                           
   589                           ;psect for function _Stard_ADC
   590  01B5                     _Stard_ADC:
   591  01B5                     l1069:	
   592                           ;incstack = 0
   593                           ; Regs used in _Stard_ADC: [wreg]
   594                           
   595                           
   596                           ;ADC.c: 18:     if(ADCON0bits.GO == 0){
   597  01B5  1283               	bcf	3,5	;RP0=0, select bank0
   598  01B6  1303               	bcf	3,6	;RP1=0, select bank0
   599  01B7  189F               	btfsc	31,1	;volatile
   600  01B8  29BA               	goto	u141
   601  01B9  29BB               	goto	u140
   602  01BA                     u141:
   603  01BA  29C2               	goto	l1073
   604  01BB                     u140:
   605  01BB                     l1071:
   606                           
   607                           ;ADC.c: 19:         _delay((unsigned long)((50)*(4000000/4000000.0)));
   608  01BB  300F               	movlw	15
   609  01BC  1283               	bcf	3,5	;RP0=0, select bank0
   610  01BD  1303               	bcf	3,6	;RP1=0, select bank0
   611  01BE  00A3               	movwf	??_Stard_ADC
   612  01BF                     u267:
   613  01BF  0BA3               	decfsz	??_Stard_ADC,f
   614  01C0  29BF               	goto	u267
   615  01C1  29C2               	nop2
   616  01C2                     l1073:
   617                           
   618                           ;ADC.c: 21:          ADCON0bits.GO = 1;
   619  01C2  1283               	bcf	3,5	;RP0=0, select bank0
   620  01C3  1303               	bcf	3,6	;RP1=0, select bank0
   621  01C4  149F               	bsf	31,1	;volatile
   622  01C5                     l151:
   623  01C5  0008               	return
   624  01C6                     __end_of_Stard_ADC:
   625                           
   626                           	psect	text2
   627  0115                     __ptext2:	
   628 ;; *************** function _Setup *****************
   629 ;; Defined at:
   630 ;;		line 171 in file "Dig2_LAb.c"
   631 ;; Parameters:    Size  Location     Type
   632 ;;		None
   633 ;; Auto vars:     Size  Location     Type
   634 ;;		None
   635 ;; Return value:  Size  Location     Type
   636 ;;                  1    wreg      void 
   637 ;; Registers used:
   638 ;;		wreg, status,2, status,0
   639 ;; Tracked objects:
   640 ;;		On entry : 0/0
   641 ;;		On exit  : 0/0
   642 ;;		Unchanged: 0/0
   643 ;; Data sizes:     COMMON   BANK0   BANK1   BANK3   BANK2
   644 ;;      Params:         0       0       0       0       0
   645 ;;      Locals:         0       0       0       0       0
   646 ;;      Temps:          0       1       0       0       0
   647 ;;      Totals:         0       1       0       0       0
   648 ;;Total ram usage:        1 bytes
   649 ;; Hardware stack levels used:    1
   650 ;; Hardware stack levels required when called:    2
   651 ;; This function calls:
   652 ;;		Nothing
   653 ;; This function is called by:
   654 ;;		_main
   655 ;; This function uses a non-reentrant model
   656 ;;
   657                           
   658                           
   659                           ;psect for function _Setup
   660  0115                     _Setup:
   661  0115                     l1001:	
   662                           ;incstack = 0
   663                           ; Regs used in _Setup: [wreg+status,2+status,0]
   664                           
   665                           
   666                           ;Dig2_LAb.c: 173:     ANSEL = 0b00000011;
   667  0115  3003               	movlw	3
   668  0116  1683               	bsf	3,5	;RP0=1, select bank3
   669  0117  1703               	bsf	3,6	;RP1=1, select bank3
   670  0118  0088               	movwf	8	;volatile
   671  0119                     l1003:
   672                           
   673                           ;Dig2_LAb.c: 174:     ANSELH = 0x00;
   674  0119  0189               	clrf	9	;volatile
   675  011A                     l1005:
   676                           
   677                           ;Dig2_LAb.c: 176:     TRISB = 0b00000011;
   678  011A  3003               	movlw	3
   679  011B  1683               	bsf	3,5	;RP0=1, select bank1
   680  011C  1303               	bcf	3,6	;RP1=0, select bank1
   681  011D  0086               	movwf	6	;volatile
   682                           
   683                           ;Dig2_LAb.c: 177:     TRISC = 0x00;
   684  011E  0187               	clrf	7	;volatile
   685  011F                     l1007:
   686                           
   687                           ;Dig2_LAb.c: 178:     TRISA = 0b00000001;
   688  011F  3001               	movlw	1
   689  0120  0085               	movwf	5	;volatile
   690  0121                     l1009:
   691                           
   692                           ;Dig2_LAb.c: 179:     TRISD = 0x00;
   693  0121  0188               	clrf	8	;volatile
   694  0122                     l1011:
   695                           
   696                           ;Dig2_LAb.c: 180:     TRISE = 0x00;
   697  0122  0189               	clrf	9	;volatile
   698  0123                     l1013:
   699                           
   700                           ;Dig2_LAb.c: 182:     PORTB = 0x00;
   701  0123  1283               	bcf	3,5	;RP0=0, select bank0
   702  0124  1303               	bcf	3,6	;RP1=0, select bank0
   703  0125  0186               	clrf	6	;volatile
   704  0126                     l1015:
   705                           
   706                           ;Dig2_LAb.c: 183:     PORTC = 0x00;
   707  0126  0187               	clrf	7	;volatile
   708  0127                     l1017:
   709                           
   710                           ;Dig2_LAb.c: 184:     PORTA = 0x00;
   711  0127  0185               	clrf	5	;volatile
   712  0128                     l1019:
   713                           
   714                           ;Dig2_LAb.c: 185:     PORTD = 0x00;
   715  0128  0188               	clrf	8	;volatile
   716  0129                     l1021:
   717                           
   718                           ;Dig2_LAb.c: 186:     PORTE = 0x00;
   719  0129  0189               	clrf	9	;volatile
   720  012A                     l1023:
   721                           
   722                           ;Dig2_LAb.c: 188:     OSCCONbits.IRCF2 = 1;
   723  012A  1683               	bsf	3,5	;RP0=1, select bank1
   724  012B  1303               	bcf	3,6	;RP1=0, select bank1
   725  012C  170F               	bsf	15,6	;volatile
   726  012D                     l1025:
   727                           
   728                           ;Dig2_LAb.c: 189:     OSCCONbits.IRCF1 = 1;
   729  012D  168F               	bsf	15,5	;volatile
   730  012E                     l1027:
   731                           
   732                           ;Dig2_LAb.c: 190:     OSCCONbits.IRCF0 = 0;
   733  012E  120F               	bcf	15,4	;volatile
   734  012F                     l1029:
   735                           
   736                           ;Dig2_LAb.c: 191:     OSCCONbits.SCS = 1;
   737  012F  140F               	bsf	15,0	;volatile
   738  0130                     l1031:
   739                           
   740                           ;Dig2_LAb.c: 193:     ADCON1bits.ADFM = 0;
   741  0130  139F               	bcf	31,7	;volatile
   742  0131                     l1033:
   743                           
   744                           ;Dig2_LAb.c: 194:     ADCON1bits.VCFG0 = 0;
   745  0131  121F               	bcf	31,4	;volatile
   746  0132                     l1035:
   747                           
   748                           ;Dig2_LAb.c: 195:     ADCON1bits.VCFG1 = 0;
   749  0132  129F               	bcf	31,5	;volatile
   750  0133                     l1037:
   751                           
   752                           ;Dig2_LAb.c: 197:     ADCON0bits.ADCS = 1;
   753  0133  1283               	bcf	3,5	;RP0=0, select bank0
   754  0134  1303               	bcf	3,6	;RP1=0, select bank0
   755  0135  081F               	movf	31,w	;volatile
   756  0136  393F               	andlw	-193
   757  0137  3840               	iorlw	64
   758  0138  009F               	movwf	31	;volatile
   759  0139                     l1039:
   760                           
   761                           ;Dig2_LAb.c: 198:     ADCON0bits.CHS = 0;
   762  0139  30C3               	movlw	-61
   763  013A  059F               	andwf	31,f	;volatile
   764                           
   765                           ;Dig2_LAb.c: 199:     _delay((unsigned long)((100)*(4000000/4000000.0)));
   766  013B  3020               	movlw	32
   767  013C  1283               	bcf	3,5	;RP0=0, select bank0
   768  013D  1303               	bcf	3,6	;RP1=0, select bank0
   769  013E  00A3               	movwf	??_Setup
   770  013F                     u277:
   771  013F  0BA3               	decfsz	??_Setup,f
   772  0140  293F               	goto	u277
   773  0141  0000               	nop
   774  0142                     l1041:
   775                           
   776                           ;Dig2_LAb.c: 200:     ADCON0bits.ADON = 1;
   777  0142  1283               	bcf	3,5	;RP0=0, select bank0
   778  0143  1303               	bcf	3,6	;RP1=0, select bank0
   779  0144  141F               	bsf	31,0	;volatile
   780                           
   781                           ;Dig2_LAb.c: 201:     _delay((unsigned long)((50)*(4000000/4000000.0)));
   782  0145  300F               	movlw	15
   783  0146  1283               	bcf	3,5	;RP0=0, select bank0
   784  0147  1303               	bcf	3,6	;RP1=0, select bank0
   785  0148  00A3               	movwf	??_Setup
   786  0149                     u287:
   787  0149  0BA3               	decfsz	??_Setup,f
   788  014A  2949               	goto	u287
   789  014B  294C               	nop2
   790  014C                     l1043:
   791                           
   792                           ;Dig2_LAb.c: 203:     OPTION_REGbits.nRBPU = 0;
   793  014C  1683               	bsf	3,5	;RP0=1, select bank1
   794  014D  1303               	bcf	3,6	;RP1=0, select bank1
   795  014E  1381               	bcf	1,7	;volatile
   796                           
   797                           ;Dig2_LAb.c: 204:     WPUB = 0b00000011;
   798  014F  3003               	movlw	3
   799  0150  0095               	movwf	21	;volatile
   800  0151                     l1045:
   801                           
   802                           ;Dig2_LAb.c: 205:     IOCBbits.IOCB0 = 1;
   803  0151  1416               	bsf	22,0	;volatile
   804  0152                     l1047:
   805                           
   806                           ;Dig2_LAb.c: 206:     IOCBbits.IOCB1 = 1;
   807  0152  1496               	bsf	22,1	;volatile
   808  0153                     l1049:
   809                           
   810                           ;Dig2_LAb.c: 209:     OPTION_REGbits.T0CS = 0;
   811  0153  1281               	bcf	1,5	;volatile
   812  0154                     l1051:
   813                           
   814                           ;Dig2_LAb.c: 210:     OPTION_REGbits.PSA = 0;
   815  0154  1181               	bcf	1,3	;volatile
   816  0155                     l1053:
   817                           
   818                           ;Dig2_LAb.c: 211:     OPTION_REGbits.PS2 = 1;
   819  0155  1501               	bsf	1,2	;volatile
   820  0156                     l1055:
   821                           
   822                           ;Dig2_LAb.c: 212:     OPTION_REGbits.PS1 = 1;
   823  0156  1481               	bsf	1,1	;volatile
   824  0157                     l1057:
   825                           
   826                           ;Dig2_LAb.c: 213:     OPTION_REGbits.PS0 = 1;
   827  0157  1401               	bsf	1,0	;volatile
   828  0158                     l1059:
   829                           
   830                           ;Dig2_LAb.c: 216:     INTCONbits.GIE = 1;
   831  0158  178B               	bsf	11,7	;volatile
   832  0159                     l1061:
   833                           
   834                           ;Dig2_LAb.c: 217:     INTCONbits.PEIE = 1;
   835  0159  170B               	bsf	11,6	;volatile
   836  015A                     l1063:
   837                           
   838                           ;Dig2_LAb.c: 218:     PIE1bits.ADIE = 1;
   839  015A  170C               	bsf	12,6	;volatile
   840  015B                     l1065:
   841                           
   842                           ;Dig2_LAb.c: 219:     INTCONbits.T0IE = 1;
   843  015B  168B               	bsf	11,5	;volatile
   844  015C                     l1067:
   845                           
   846                           ;Dig2_LAb.c: 220:     PIR1bits.ADIF = 1;
   847  015C  1283               	bcf	3,5	;RP0=0, select bank0
   848  015D  1303               	bcf	3,6	;RP1=0, select bank0
   849  015E  170C               	bsf	12,6	;volatile
   850  015F                     l132:
   851  015F  0008               	return
   852  0160                     __end_of_Setup:
   853                           
   854                           	psect	text3
   855  00AF                     __ptext3:	
   856 ;; *************** function _isr *****************
   857 ;; Defined at:
   858 ;;		line 53 in file "Dig2_LAb.c"
   859 ;; Parameters:    Size  Location     Type
   860 ;;		None
   861 ;; Auto vars:     Size  Location     Type
   862 ;;		None
   863 ;; Return value:  Size  Location     Type
   864 ;;                  1    wreg      void 
   865 ;; Registers used:
   866 ;;		wreg, fsr0l, fsr0h, status,2, status,0, pclath, cstack
   867 ;; Tracked objects:
   868 ;;		On entry : 0/0
   869 ;;		On exit  : 0/0
   870 ;;		Unchanged: 0/0
   871 ;; Data sizes:     COMMON   BANK0   BANK1   BANK3   BANK2
   872 ;;      Params:         0       0       0       0       0
   873 ;;      Locals:         0       0       0       0       0
   874 ;;      Temps:          5       0       0       0       0
   875 ;;      Totals:         5       0       0       0       0
   876 ;;Total ram usage:        5 bytes
   877 ;; Hardware stack levels used:    1
   878 ;; Hardware stack levels required when called:    1
   879 ;; This function calls:
   880 ;;		_Recib_ADC
   881 ;;		_Tabla
   882 ;; This function is called by:
   883 ;;		Interrupt level 1
   884 ;; This function uses a non-reentrant model
   885 ;;
   886                           
   887                           
   888                           ;psect for function _isr
   889  00AF                     _isr:
   890  00AF                     i1l1075:
   891                           
   892                           ;Dig2_LAb.c: 55:     if(T0IF == 1) {
   893  00AF  1D0B               	btfss	11,2	;volatile
   894  00B0  28B2               	goto	u15_21
   895  00B1  28B3               	goto	u15_20
   896  00B2                     u15_21:
   897  00B2  28F2               	goto	i1l89
   898  00B3                     u15_20:
   899  00B3                     i1l1077:
   900                           
   901                           ;Dig2_LAb.c: 56:         TMR0 = 236;
   902  00B3  30EC               	movlw	236
   903  00B4  1283               	bcf	3,5	;RP0=0, select bank0
   904  00B5  1303               	bcf	3,6	;RP1=0, select bank0
   905  00B6  0081               	movwf	1	;volatile
   906  00B7                     i1l1079:
   907                           
   908                           ;Dig2_LAb.c: 57:         T0IF = 0;
   909  00B7  110B               	bcf	11,2	;volatile
   910  00B8                     i1l1081:
   911                           
   912                           ;Dig2_LAb.c: 58:         PORTE = 0x00;
   913  00B8  0189               	clrf	9	;volatile
   914  00B9                     i1l1083:
   915                           
   916                           ;Dig2_LAb.c: 59:         if(Suitw == 0){
   917  00B9  0879               	movf	_Suitw,w
   918  00BA  1D03               	btfss	3,2
   919  00BB  28BD               	goto	u16_21
   920  00BC  28BE               	goto	u16_20
   921  00BD                     u16_21:
   922  00BD  28D6               	goto	i1l1095
   923  00BE                     u16_20:
   924  00BE                     i1l1085:
   925                           
   926                           ;Dig2_LAb.c: 60:             V1 = Nibble;
   927  00BE  087B               	movf	_Nibble,w
   928  00BF  00F4               	movwf	??_isr
   929  00C0  0874               	movf	??_isr,w
   930  00C1  00FC               	movwf	_V1
   931  00C2                     i1l1087:
   932                           
   933                           ;Dig2_LAb.c: 61:             PORTD = Tabla(V1);
   934  00C2  087C               	movf	_V1,w
   935  00C3  00F4               	movwf	??_isr
   936  00C4  01F5               	clrf	??_isr+1
   937  00C5  0874               	movf	??_isr,w
   938  00C6  00F0               	movwf	Tabla@V1
   939  00C7  0875               	movf	??_isr+1,w
   940  00C8  00F1               	movwf	Tabla@V1+1
   941  00C9  120A  118A  201F  120A  118A  	fcall	_Tabla
   942  00CE  0870               	movf	?_Tabla,w
   943  00CF  1283               	bcf	3,5	;RP0=0, select bank0
   944  00D0  1303               	bcf	3,6	;RP1=0, select bank0
   945  00D1  0088               	movwf	8	;volatile
   946  00D2                     i1l1089:
   947                           
   948                           ;Dig2_LAb.c: 62:             RE0 = 1;
   949  00D2  1409               	bsf	9,0	;volatile
   950  00D3                     i1l1091:
   951                           
   952                           ;Dig2_LAb.c: 63:             Suitw = 1;
   953  00D3  01F9               	clrf	_Suitw
   954  00D4  0AF9               	incf	_Suitw,f
   955  00D5  290C               	goto	i1l91
   956  00D6                     i1l1095:
   957                           
   958                           ;Dig2_LAb.c: 66:         if(Suitw == 1){
   959  00D6  0379               	decf	_Suitw,w
   960  00D7  1D03               	btfss	3,2
   961  00D8  28DA               	goto	u17_21
   962  00D9  28DB               	goto	u17_20
   963  00DA                     u17_21:
   964  00DA  28F2               	goto	i1l89
   965  00DB                     u17_20:
   966  00DB                     i1l1097:
   967                           
   968                           ;Dig2_LAb.c: 67:             V1 = Nibble2;
   969  00DB  087A               	movf	_Nibble2,w
   970  00DC  00F4               	movwf	??_isr
   971  00DD  0874               	movf	??_isr,w
   972  00DE  00FC               	movwf	_V1
   973  00DF                     i1l1099:
   974                           
   975                           ;Dig2_LAb.c: 68:             PORTD = Tabla(V1);
   976  00DF  087C               	movf	_V1,w
   977  00E0  00F4               	movwf	??_isr
   978  00E1  01F5               	clrf	??_isr+1
   979  00E2  0874               	movf	??_isr,w
   980  00E3  00F0               	movwf	Tabla@V1
   981  00E4  0875               	movf	??_isr+1,w
   982  00E5  00F1               	movwf	Tabla@V1+1
   983  00E6  120A  118A  201F  120A  118A  	fcall	_Tabla
   984  00EB  0870               	movf	?_Tabla,w
   985  00EC  1283               	bcf	3,5	;RP0=0, select bank0
   986  00ED  1303               	bcf	3,6	;RP1=0, select bank0
   987  00EE  0088               	movwf	8	;volatile
   988  00EF                     i1l1101:
   989                           
   990                           ;Dig2_LAb.c: 69:             RE1 = 1;
   991  00EF  1489               	bsf	9,1	;volatile
   992  00F0                     i1l1103:
   993                           
   994                           ;Dig2_LAb.c: 70:             Suitw = 0;
   995  00F0  01F9               	clrf	_Suitw
   996  00F1  290C               	goto	i1l91
   997  00F2                     i1l89:	
   998                           ;Dig2_LAb.c: 73:     }
   999                           
  1000                           
  1001                           ;Dig2_LAb.c: 75:     if(RBIF == 1){
  1002  00F2  1C0B               	btfss	11,0	;volatile
  1003  00F3  28F5               	goto	u18_21
  1004  00F4  28F6               	goto	u18_20
  1005  00F5                     u18_21:
  1006  00F5  2907               	goto	i1l1117
  1007  00F6                     u18_20:
  1008  00F6                     i1l1107:
  1009                           
  1010                           ;Dig2_LAb.c: 76:         if(RB0 == 0){
  1011  00F6  1283               	bcf	3,5	;RP0=0, select bank0
  1012  00F7  1303               	bcf	3,6	;RP1=0, select bank0
  1013  00F8  1806               	btfsc	6,0	;volatile
  1014  00F9  28FB               	goto	u19_21
  1015  00FA  28FC               	goto	u19_20
  1016  00FB                     u19_21:
  1017  00FB  2900               	goto	i1l1111
  1018  00FC                     u19_20:
  1019  00FC                     i1l1109:
  1020                           
  1021                           ;Dig2_LAb.c: 77:             PORTC++;
  1022  00FC  3001               	movlw	1
  1023  00FD  00F4               	movwf	??_isr
  1024  00FE  0874               	movf	??_isr,w
  1025  00FF  0787               	addwf	7,f	;volatile
  1026  0100                     i1l1111:
  1027                           
  1028                           ;Dig2_LAb.c: 79:         if(RB1 == 0){
  1029  0100  1886               	btfsc	6,1	;volatile
  1030  0101  2903               	goto	u20_21
  1031  0102  2904               	goto	u20_20
  1032  0103                     u20_21:
  1033  0103  2906               	goto	i1l1115
  1034  0104                     u20_20:
  1035  0104                     i1l1113:
  1036                           
  1037                           ;Dig2_LAb.c: 80:             PORTC--;
  1038  0104  3001               	movlw	1
  1039  0105  0287               	subwf	7,f	;volatile
  1040  0106                     i1l1115:
  1041                           
  1042                           ;Dig2_LAb.c: 82:         RBIF = 0;
  1043  0106  100B               	bcf	11,0	;volatile
  1044  0107                     i1l1117:
  1045                           
  1046                           ;Dig2_LAb.c: 86:     Recib_ADC();
  1047  0107  120A  118A  21A0  120A  118A  	fcall	_Recib_ADC
  1048  010C                     i1l91:
  1049  010C  0878               	movf	??_isr+4,w
  1050  010D  008A               	movwf	10
  1051  010E  0877               	movf	??_isr+3,w
  1052  010F  0084               	movwf	4
  1053  0110  0E76               	swapf	??_isr+2,w
  1054  0111  0083               	movwf	3
  1055  0112  0EFE               	swapf	btemp,f
  1056  0113  0E7E               	swapf	btemp,w
  1057  0114  0009               	retfie
  1058  0115                     __end_of_isr:
  1059                           
  1060                           	psect	intentry
  1061  0004                     __pintentry:	
  1062                           ;incstack = 0
  1063                           ; Regs used in _isr: [wreg-fsr0h+status,2+status,0+pclath+cstack]
  1064                           
  1065  0004                     interrupt_function:
  1066  007E                     saved_w	set	btemp
  1067  0004  00FE               	movwf	btemp
  1068  0005  0E03               	swapf	3,w
  1069  0006  00F6               	movwf	??_isr+2
  1070  0007  0804               	movf	4,w
  1071  0008  00F7               	movwf	??_isr+3
  1072  0009  080A               	movf	10,w
  1073  000A  00F8               	movwf	??_isr+4
  1074  000B  120A  118A  28AF   	ljmp	_isr
  1075                           
  1076                           	psect	text4
  1077  001F                     __ptext4:	
  1078 ;; *************** function _Tabla *****************
  1079 ;; Defined at:
  1080 ;;		line 112 in file "Dig2_LAb.c"
  1081 ;; Parameters:    Size  Location     Type
  1082 ;;  V1              2    0[COMMON] int 
  1083 ;; Auto vars:     Size  Location     Type
  1084 ;;  w               2    2[COMMON] int 
  1085 ;; Return value:  Size  Location     Type
  1086 ;;                  2    0[COMMON] int 
  1087 ;; Registers used:
  1088 ;;		wreg, fsr0l, fsr0h, status,2, status,0
  1089 ;; Tracked objects:
  1090 ;;		On entry : 0/0
  1091 ;;		On exit  : 0/0
  1092 ;;		Unchanged: 0/0
  1093 ;; Data sizes:     COMMON   BANK0   BANK1   BANK3   BANK2
  1094 ;;      Params:         2       0       0       0       0
  1095 ;;      Locals:         2       0       0       0       0
  1096 ;;      Temps:          0       0       0       0       0
  1097 ;;      Totals:         4       0       0       0       0
  1098 ;;Total ram usage:        4 bytes
  1099 ;; Hardware stack levels used:    1
  1100 ;; This function calls:
  1101 ;;		Nothing
  1102 ;; This function is called by:
  1103 ;;		_isr
  1104 ;; This function uses a non-reentrant model
  1105 ;;
  1106                           
  1107                           
  1108                           ;psect for function _Tabla
  1109  001F                     _Tabla:
  1110  001F                     i1l955:	
  1111                           ;incstack = 0
  1112                           ; Regs used in _Tabla: [wreg-fsr0h+status,2+status,0]
  1113                           
  1114                           
  1115                           ;Dig2_LAb.c: 113:     int w;;Dig2_LAb.c: 114:     switch (V1){
  1116  001F  2873               	goto	i1l991
  1117  0020                     i1l957:
  1118                           
  1119                           ;Dig2_LAb.c: 116:         w = 0b00111111;
  1120  0020  303F               	movlw	63
  1121  0021  00F2               	movwf	Tabla@w
  1122  0022  3000               	movlw	0
  1123  0023  00F3               	movwf	Tabla@w+1
  1124                           
  1125                           ;Dig2_LAb.c: 117:         break;
  1126  0024  28AA               	goto	i1l993
  1127  0025                     i1l959:
  1128                           
  1129                           ;Dig2_LAb.c: 119:         w = 0b00000110;
  1130  0025  3006               	movlw	6
  1131  0026  00F2               	movwf	Tabla@w
  1132  0027  3000               	movlw	0
  1133  0028  00F3               	movwf	Tabla@w+1
  1134                           
  1135                           ;Dig2_LAb.c: 120:         break;
  1136  0029  28AA               	goto	i1l993
  1137  002A                     i1l961:
  1138                           
  1139                           ;Dig2_LAb.c: 122:         w = 0b01011011;
  1140  002A  305B               	movlw	91
  1141  002B  00F2               	movwf	Tabla@w
  1142  002C  3000               	movlw	0
  1143  002D  00F3               	movwf	Tabla@w+1
  1144                           
  1145                           ;Dig2_LAb.c: 123:         break;
  1146  002E  28AA               	goto	i1l993
  1147  002F                     i1l963:
  1148                           
  1149                           ;Dig2_LAb.c: 125:         w = 0b01001111;
  1150  002F  304F               	movlw	79
  1151  0030  00F2               	movwf	Tabla@w
  1152  0031  3000               	movlw	0
  1153  0032  00F3               	movwf	Tabla@w+1
  1154                           
  1155                           ;Dig2_LAb.c: 126:         break;
  1156  0033  28AA               	goto	i1l993
  1157  0034                     i1l965:
  1158                           
  1159                           ;Dig2_LAb.c: 128:         w = 0b01100110;
  1160  0034  3066               	movlw	102
  1161  0035  00F2               	movwf	Tabla@w
  1162  0036  3000               	movlw	0
  1163  0037  00F3               	movwf	Tabla@w+1
  1164                           
  1165                           ;Dig2_LAb.c: 129:         break;
  1166  0038  28AA               	goto	i1l993
  1167  0039                     i1l967:
  1168                           
  1169                           ;Dig2_LAb.c: 131:         w = 0b01101101;
  1170  0039  306D               	movlw	109
  1171  003A  00F2               	movwf	Tabla@w
  1172  003B  3000               	movlw	0
  1173  003C  00F3               	movwf	Tabla@w+1
  1174                           
  1175                           ;Dig2_LAb.c: 132:         break;
  1176  003D  28AA               	goto	i1l993
  1177  003E                     i1l969:
  1178                           
  1179                           ;Dig2_LAb.c: 134:         w = 0b01111101;
  1180  003E  307D               	movlw	125
  1181  003F  00F2               	movwf	Tabla@w
  1182  0040  3000               	movlw	0
  1183  0041  00F3               	movwf	Tabla@w+1
  1184                           
  1185                           ;Dig2_LAb.c: 135:         break;
  1186  0042  28AA               	goto	i1l993
  1187  0043                     i1l971:
  1188                           
  1189                           ;Dig2_LAb.c: 137:         w = 0b00000111;
  1190  0043  3007               	movlw	7
  1191  0044  00F2               	movwf	Tabla@w
  1192  0045  3000               	movlw	0
  1193  0046  00F3               	movwf	Tabla@w+1
  1194                           
  1195                           ;Dig2_LAb.c: 138:         break;
  1196  0047  28AA               	goto	i1l993
  1197  0048                     i1l973:
  1198                           
  1199                           ;Dig2_LAb.c: 140:         w = 0b01111111;
  1200  0048  307F               	movlw	127
  1201  0049  00F2               	movwf	Tabla@w
  1202  004A  3000               	movlw	0
  1203  004B  00F3               	movwf	Tabla@w+1
  1204                           
  1205                           ;Dig2_LAb.c: 141:         break;
  1206  004C  28AA               	goto	i1l993
  1207  004D                     i1l975:
  1208                           
  1209                           ;Dig2_LAb.c: 143:         w = 0b01101111;
  1210  004D  306F               	movlw	111
  1211  004E  00F2               	movwf	Tabla@w
  1212  004F  3000               	movlw	0
  1213  0050  00F3               	movwf	Tabla@w+1
  1214                           
  1215                           ;Dig2_LAb.c: 144:         break;
  1216  0051  28AA               	goto	i1l993
  1217  0052                     i1l977:
  1218                           
  1219                           ;Dig2_LAb.c: 146:         w = 0b01110111;
  1220  0052  3077               	movlw	119
  1221  0053  00F2               	movwf	Tabla@w
  1222  0054  3000               	movlw	0
  1223  0055  00F3               	movwf	Tabla@w+1
  1224                           
  1225                           ;Dig2_LAb.c: 147:         break;
  1226  0056  28AA               	goto	i1l993
  1227  0057                     i1l979:
  1228                           
  1229                           ;Dig2_LAb.c: 149:         w = 0b01111100;
  1230  0057  307C               	movlw	124
  1231  0058  00F2               	movwf	Tabla@w
  1232  0059  3000               	movlw	0
  1233  005A  00F3               	movwf	Tabla@w+1
  1234                           
  1235                           ;Dig2_LAb.c: 150:         break;
  1236  005B  28AA               	goto	i1l993
  1237  005C                     i1l981:
  1238                           
  1239                           ;Dig2_LAb.c: 152:         w = 0b00111001;
  1240  005C  3039               	movlw	57
  1241  005D  00F2               	movwf	Tabla@w
  1242  005E  3000               	movlw	0
  1243  005F  00F3               	movwf	Tabla@w+1
  1244                           
  1245                           ;Dig2_LAb.c: 153:         break;
  1246  0060  28AA               	goto	i1l993
  1247  0061                     i1l983:
  1248                           
  1249                           ;Dig2_LAb.c: 155:         w = 0b01011110;
  1250  0061  305E               	movlw	94
  1251  0062  00F2               	movwf	Tabla@w
  1252  0063  3000               	movlw	0
  1253  0064  00F3               	movwf	Tabla@w+1
  1254                           
  1255                           ;Dig2_LAb.c: 156:         break;
  1256  0065  28AA               	goto	i1l993
  1257  0066                     i1l985:
  1258                           
  1259                           ;Dig2_LAb.c: 158:         w = 0b01111001;
  1260  0066  3079               	movlw	121
  1261  0067  00F2               	movwf	Tabla@w
  1262  0068  3000               	movlw	0
  1263  0069  00F3               	movwf	Tabla@w+1
  1264                           
  1265                           ;Dig2_LAb.c: 159:         break;
  1266  006A  28AA               	goto	i1l993
  1267  006B                     i1l987:
  1268                           
  1269                           ;Dig2_LAb.c: 161:         w = 0b01110001;
  1270  006B  3071               	movlw	113
  1271  006C  00F2               	movwf	Tabla@w
  1272  006D  3000               	movlw	0
  1273  006E  00F3               	movwf	Tabla@w+1
  1274                           
  1275                           ;Dig2_LAb.c: 162:         break;
  1276  006F  28AA               	goto	i1l993
  1277  0070                     i1l989:
  1278                           
  1279                           ;Dig2_LAb.c: 164:         w = 0;
  1280  0070  01F2               	clrf	Tabla@w
  1281  0071  01F3               	clrf	Tabla@w+1
  1282                           
  1283                           ;Dig2_LAb.c: 165:     }
  1284  0072  28AA               	goto	i1l993
  1285  0073                     i1l991:
  1286                           
  1287                           ; Switch on 2 bytes has been partitioned into a top level switch of size 1, and 1 sub-sw
      +                          itches
  1288                           ; Switch size 1, requested type "simple"
  1289                           ; Number of cases is 1, Range of values is 0 to 0
  1290                           ; switch strategies available:
  1291                           ; Name         Instructions Cycles
  1292                           ; simple_byte            4     3 (average)
  1293                           ; direct_byte           11     8 (fixed)
  1294                           ; jumptable            260     6 (fixed)
  1295                           ;	Chosen strategy is simple_byte
  1296  0073  0871               	movf	Tabla@V1+1,w
  1297  0074  3A00               	xorlw	0	; case 0
  1298  0075  1903               	skipnz
  1299  0076  2878               	goto	i1l1159
  1300  0077  2870               	goto	i1l989
  1301  0078                     i1l1159:
  1302                           
  1303                           ; Switch size 1, requested type "simple"
  1304                           ; Number of cases is 16, Range of values is 0 to 15
  1305                           ; switch strategies available:
  1306                           ; Name         Instructions Cycles
  1307                           ; simple_byte           49    25 (average)
  1308                           ; direct_byte           56     8 (fixed)
  1309                           ; jumptable            260     6 (fixed)
  1310                           ;	Chosen strategy is simple_byte
  1311  0078  0870               	movf	Tabla@V1,w
  1312  0079  3A00               	xorlw	0	; case 0
  1313  007A  1903               	skipnz
  1314  007B  2820               	goto	i1l957
  1315  007C  3A01               	xorlw	1	; case 1
  1316  007D  1903               	skipnz
  1317  007E  2825               	goto	i1l959
  1318  007F  3A03               	xorlw	3	; case 2
  1319  0080  1903               	skipnz
  1320  0081  282A               	goto	i1l961
  1321  0082  3A01               	xorlw	1	; case 3
  1322  0083  1903               	skipnz
  1323  0084  282F               	goto	i1l963
  1324  0085  3A07               	xorlw	7	; case 4
  1325  0086  1903               	skipnz
  1326  0087  2834               	goto	i1l965
  1327  0088  3A01               	xorlw	1	; case 5
  1328  0089  1903               	skipnz
  1329  008A  2839               	goto	i1l967
  1330  008B  3A03               	xorlw	3	; case 6
  1331  008C  1903               	skipnz
  1332  008D  283E               	goto	i1l969
  1333  008E  3A01               	xorlw	1	; case 7
  1334  008F  1903               	skipnz
  1335  0090  2843               	goto	i1l971
  1336  0091  3A0F               	xorlw	15	; case 8
  1337  0092  1903               	skipnz
  1338  0093  2848               	goto	i1l973
  1339  0094  3A01               	xorlw	1	; case 9
  1340  0095  1903               	skipnz
  1341  0096  284D               	goto	i1l975
  1342  0097  3A03               	xorlw	3	; case 10
  1343  0098  1903               	skipnz
  1344  0099  2852               	goto	i1l977
  1345  009A  3A01               	xorlw	1	; case 11
  1346  009B  1903               	skipnz
  1347  009C  2857               	goto	i1l979
  1348  009D  3A07               	xorlw	7	; case 12
  1349  009E  1903               	skipnz
  1350  009F  285C               	goto	i1l981
  1351  00A0  3A01               	xorlw	1	; case 13
  1352  00A1  1903               	skipnz
  1353  00A2  2861               	goto	i1l983
  1354  00A3  3A03               	xorlw	3	; case 14
  1355  00A4  1903               	skipnz
  1356  00A5  2866               	goto	i1l985
  1357  00A6  3A01               	xorlw	1	; case 15
  1358  00A7  1903               	skipnz
  1359  00A8  286B               	goto	i1l987
  1360  00A9  2870               	goto	i1l989
  1361  00AA                     i1l993:
  1362                           
  1363                           ;Dig2_LAb.c: 166:     return w;
  1364  00AA  0873               	movf	Tabla@w+1,w
  1365  00AB  00F1               	movwf	?_Tabla+1
  1366  00AC  0872               	movf	Tabla@w,w
  1367  00AD  00F0               	movwf	?_Tabla
  1368  00AE                     i1l129:
  1369  00AE  0008               	return
  1370  00AF                     __end_of_Tabla:
  1371                           
  1372                           	psect	text5
  1373  01A0                     __ptext5:	
  1374 ;; *************** function _Recib_ADC *****************
  1375 ;; Defined at:
  1376 ;;		line 8 in file "ADC.c"
  1377 ;; Parameters:    Size  Location     Type
  1378 ;;		None
  1379 ;; Auto vars:     Size  Location     Type
  1380 ;;		None
  1381 ;; Return value:  Size  Location     Type
  1382 ;;                  1    wreg      void 
  1383 ;; Registers used:
  1384 ;;		wreg, status,2, status,0
  1385 ;; Tracked objects:
  1386 ;;		On entry : 0/0
  1387 ;;		On exit  : 0/0
  1388 ;;		Unchanged: 0/0
  1389 ;; Data sizes:     COMMON   BANK0   BANK1   BANK3   BANK2
  1390 ;;      Params:         0       0       0       0       0
  1391 ;;      Locals:         0       0       0       0       0
  1392 ;;      Temps:          1       0       0       0       0
  1393 ;;      Totals:         1       0       0       0       0
  1394 ;;Total ram usage:        1 bytes
  1395 ;; Hardware stack levels used:    1
  1396 ;; This function calls:
  1397 ;;		Nothing
  1398 ;; This function is called by:
  1399 ;;		_isr
  1400 ;; This function uses a non-reentrant model
  1401 ;;
  1402                           
  1403                           
  1404                           ;psect for function _Recib_ADC
  1405  01A0                     _Recib_ADC:
  1406  01A0                     i1l789:	
  1407                           ;incstack = 0
  1408                           ; Regs used in _Recib_ADC: [wreg+status,2+status,0]
  1409                           
  1410                           
  1411                           ;ADC.c: 9:     if(ADIF == 1){
  1412  01A0  1283               	bcf	3,5	;RP0=0, select bank0
  1413  01A1  1303               	bcf	3,6	;RP1=0, select bank0
  1414  01A2  1F0C               	btfss	12,6	;volatile
  1415  01A3  29A5               	goto	u1_21
  1416  01A4  29A6               	goto	u1_20
  1417  01A5                     u1_21:
  1418  01A5  29B4               	goto	i1l147
  1419  01A6                     u1_20:
  1420  01A6                     i1l791:
  1421                           
  1422                           ;ADC.c: 10:         if(ADCON0bits.CHS == 0){
  1423  01A6  0C1F               	rrf	31,w	;volatile
  1424  01A7  00F0               	movwf	??_Recib_ADC
  1425  01A8  0C70               	rrf	??_Recib_ADC,w
  1426  01A9  390F               	andlw	15
  1427  01AA  3A00               	xorlw	0
  1428  01AB  1D03               	skipz
  1429  01AC  29AE               	goto	u2_21
  1430  01AD  29AF               	goto	u2_20
  1431  01AE                     u2_21:
  1432  01AE  29B3               	goto	i1l795
  1433  01AF                     u2_20:
  1434  01AF                     i1l793:
  1435                           
  1436                           ;ADC.c: 11:            V = ADRESH;
  1437  01AF  081E               	movf	30,w	;volatile
  1438  01B0  00F0               	movwf	??_Recib_ADC
  1439  01B1  0870               	movf	??_Recib_ADC,w
  1440  01B2  00FD               	movwf	_V
  1441  01B3                     i1l795:
  1442                           
  1443                           ;ADC.c: 13:         ADIF = 0;
  1444  01B3  130C               	bcf	12,6	;volatile
  1445  01B4                     i1l147:
  1446  01B4  0008               	return
  1447  01B5                     __end_of_Recib_ADC:
  1448  007E                     btemp	set	126	;btemp
  1449  007E                     wtemp0	set	126
  1450                           
  1451                           	psect	config
  1452                           
  1453                           ;Config register CONFIG1 @ 0x2007
  1454                           ;	Oscillator Selection bits
  1455                           ;	FOSC = INTRC_NOCLKOUT, INTOSCIO oscillator: I/O function on RA6/OSC2/CLKOUT pin, I/O f
      +                          unction on RA7/OSC1/CLKIN
  1456                           ;	Watchdog Timer Enable bit
  1457                           ;	WDTE = OFF, WDT disabled and can be enabled by SWDTEN bit of the WDTCON register
  1458                           ;	Power-up Timer Enable bit
  1459                           ;	PWRTE = OFF, PWRT disabled
  1460                           ;	RE3/MCLR pin function select bit
  1461                           ;	MCLRE = OFF, RE3/MCLR pin function is digital input, MCLR internally tied to VDD
  1462                           ;	Code Protection bit
  1463                           ;	CP = OFF, Program memory code protection is disabled
  1464                           ;	Data Code Protection bit
  1465                           ;	CPD = OFF, Data memory code protection is disabled
  1466                           ;	Brown Out Reset Selection bits
  1467                           ;	BOREN = OFF, BOR disabled
  1468                           ;	Internal External Switchover bit
  1469                           ;	IESO = OFF, Internal/External Switchover mode is disabled
  1470                           ;	Fail-Safe Clock Monitor Enabled bit
  1471                           ;	FCMEN = OFF, Fail-Safe Clock Monitor is disabled
  1472                           ;	Low Voltage Programming Enable bit
  1473                           ;	LVP = ON, RB3/PGM pin has PGM function, low voltage programming enabled
  1474                           ;	In-Circuit Debugger Mode bit
  1475                           ;	DEBUG = 0x1, unprogrammed default
  1476  2007                     	org	8199
  1477  2007  30D4               	dw	12500
  1478                           
  1479                           ;Config register CONFIG2 @ 0x2008
  1480                           ;	Brown-out Reset Selection bit
  1481                           ;	BOR4V = BOR40V, Brown-out Reset set to 4.0V
  1482                           ;	Flash Program Memory Self Write Enable bits
  1483                           ;	WRT = OFF, Write protection off
  1484  2008                     	org	8200
  1485  2008  3FFF               	dw	16383

Data Sizes:
    Strings     0
    Constant    0
    Data        0
    BSS         8
    Persistent  0
    Stack       0

Auto Spaces:
    Space          Size  Autos    Used
    COMMON           14      9      14
    BANK0            80      3       6
    BANK1            80      0       0
    BANK3            96      0       0
    BANK2            96      0       0

Pointer List with Targets:

    None.

Critical Paths under _main in COMMON

    None.

Critical Paths under _isr in COMMON

    _isr->_Tabla

Critical Paths under _main in BANK0

    _main->_Setup
    _main->_Stard_ADC

Critical Paths under _isr in BANK0

    None.

Critical Paths under _main in BANK1

    None.

Critical Paths under _isr in BANK1

    None.

Critical Paths under _main in BANK3

    None.

Critical Paths under _isr in BANK3

    None.

Critical Paths under _main in BANK2

    None.

Critical Paths under _isr in BANK2

    None.

Call Graph Tables:

 ---------------------------------------------------------------------------------
 (Depth) Function   	        Calls       Base Space   Used Autos Params    Refs
 ---------------------------------------------------------------------------------
 (0) _main                                                 2     2      0       0
                                              1 BANK0      2     2      0
                              _Setup
                          _Stard_ADC
 ---------------------------------------------------------------------------------
 (1) _Stard_ADC                                            1     1      0       0
                                              0 BANK0      1     1      0
 ---------------------------------------------------------------------------------
 (1) _Setup                                                1     1      0       0
                                              0 BANK0      1     1      0
 ---------------------------------------------------------------------------------
 Estimated maximum stack depth 1
 ---------------------------------------------------------------------------------
 (Depth) Function   	        Calls       Base Space   Used Autos Params    Refs
 ---------------------------------------------------------------------------------
 (2) _isr                                                  5     5      0     213
                                              4 COMMON     5     5      0
                          _Recib_ADC
                              _Tabla
 ---------------------------------------------------------------------------------
 (3) _Tabla                                                4     2      2     213
                                              0 COMMON     4     2      2
 ---------------------------------------------------------------------------------
 (3) _Recib_ADC                                            1     1      0       0
                                              0 COMMON     1     1      0
 ---------------------------------------------------------------------------------
 Estimated maximum stack depth 3
 ---------------------------------------------------------------------------------

 Call Graph Graphs:

 _main (ROOT)
   _Setup
   _Stard_ADC

 _isr (ROOT)
   _Recib_ADC
   _Tabla

 Address spaces:
Name               Size   Autos  Total    Cost      Usage
BITCOMMON            E      0       0       0        0.0%
EEDATA             100      0       0       0        0.0%
NULL                 0      0       0       0        0.0%
CODE                 0      0       0       0        0.0%
COMMON               E      9       E       1      100.0%
BITSFR0              0      0       0       1        0.0%
SFR0                 0      0       0       1        0.0%
BITSFR1              0      0       0       2        0.0%
SFR1                 0      0       0       2        0.0%
STACK                0      0       0       2        0.0%
ABS                  0      0      14       3        0.0%
BITBANK0            50      0       0       4        0.0%
BITSFR3              0      0       0       4        0.0%
SFR3                 0      0       0       4        0.0%
BANK0               50      3       6       5        7.5%
BITSFR2              0      0       0       5        0.0%
SFR2                 0      0       0       5        0.0%
BITBANK1            50      0       0       6        0.0%
BANK1               50      0       0       7        0.0%
BITBANK3            60      0       0       8        0.0%
BANK3               60      0       0       9        0.0%
BITBANK2            60      0       0      10        0.0%
BANK2               60      0       0      11        0.0%
DATA                 0      0      14      12        0.0%


Microchip Technology PIC Macro Assembler V2.31 build 20201012212115 
Symbol Table                                                                                   Thu Sep 02 15:49:52 2021

                      _V 007D                       _V1 007C                      l104 019B  
                    l132 015F                      l151 01C5                      _RB0 0030  
                    _RA2 002A                      _RB1 0031                      _RE0 0048  
                    _RE1 0049                      u140 01BB                      u220 018E  
                    u141 01BA                      u221 018D                      u230 0195  
                    u231 0194                      u215 0177                      u240 019B  
                    u241 019A                      u257 0169                      u267 01BF  
                    u277 013F                      u287 0149                      _isr 00AF  
                    fsr0 0004                     l1001 0115                     l1011 0122  
                   l1003 0119                     l1021 0129                     l1013 0123  
                   l1005 011A                     l1031 0130                     l1023 012A  
                   l1015 0126                     l1007 011F                     l1041 0142  
                   l1033 0131                     l1025 012D                     l1017 0127  
                   l1009 0121                     l1121 0165                     l1051 0154  
                   l1043 014C                     l1035 0132                     l1027 012E  
                   l1019 0128                     l1131 0186                     l1123 016C  
                   l1061 0159                     l1053 0155                     l1045 0151  
                   l1037 0133                     l1029 012F                     l1133 018E  
                   l1125 016F                     l1063 015A                     l1055 0156  
                   l1047 0152                     l1039 0139                     l1071 01BB  
                   l1135 018F                     l1127 0174                     l1119 0160  
                   l1065 015B                     l1057 0157                     l1049 0153  
                   l1073 01C2                     l1137 0195                     l1129 0181  
                   l1067 015C                     l1059 0158                     l1069 01B5  
                   _ADIF 0066                     ?_isr 0070                     _T0IF 005A  
                   _RBIF 0058                     i1l91 010C                     i1l89 00F2  
                   _TMR0 0001                     _WPUB 0095                     u1_20 01A6  
                   u1_21 01A5                     u2_20 01AF                     u2_21 01AE  
                   _main 0160                     btemp 007E                     start 000E  
                  ??_isr 0074                    ?_main 0070                    _ANSEL 0188  
                  i1l129 00AE                    i1l147 01B4                    i1l791 01A6  
                  i1l793 01AF                    i1l961 002A                    i1l795 01B3  
                  i1l971 0043                    i1l963 002F                    i1l955 001F  
                  i1l789 01A0                    i1l981 005C                    i1l973 0048  
                  i1l965 0034                    i1l957 0020                    i1l983 0061  
                  i1l975 004D                    i1l967 0039                    i1l959 0025  
                  i1l991 0073                    i1l985 0066                    i1l977 0052  
                  i1l969 003E                    i1l993 00AA                    i1l987 006B  
                  i1l979 0057                    i1l989 0070                    u20_20 0104  
                  u20_21 0103                    u15_20 00B3                    u15_21 00B2  
                  u16_20 00BE                    u16_21 00BD                    u17_20 00DB  
                  u17_21 00DA                    u18_20 00F6                    u18_21 00F5  
                  u19_20 00FC                    u19_21 00FB                    _PORTA 0005  
                  _PORTB 0006                    _PORTC 0007                    _PORTD 0008  
                  _PORTE 0009                    _TRISA 0085                    _TRISB 0086  
                  _TRISC 0087                    _TRISD 0088                    _TRISE 0089  
                  _Tabla 001F                    _Setup 0115                    _Suitw 0079  
                  pclath 000A                    status 0003                    wtemp0 007E  
        __initialization 0011             __end_of_main 01A0                   ??_main 0024  
                 ?_Tabla 0070                   ?_Setup 0070                   _ADRESH 001E  
                 _ANSELH 0189                   i1l1101 00EF                   i1l1111 0100  
                 i1l1103 00F0                   i1l1113 0104                   i1l1115 0106  
                 i1l1107 00F6                   i1l1109 00FC                   i1l1117 0107  
                 i1l1081 00B8                   i1l1091 00D3                   i1l1083 00B9  
                 i1l1075 00AF                   i1l1085 00BE                   i1l1077 00B3  
                 i1l1159 0078                   i1l1087 00C2                   i1l1095 00D6  
                 i1l1079 00B7                   i1l1097 00DB                   i1l1089 00D2  
                 i1l1099 00DF                   _Decena 0021       __size_of_Recib_ADC 0015  
                 Tabla@w 0072                   _Nibble 007B                   _Unidad 0022  
     __size_of_Stard_ADC 0011                   saved_w 007E  __end_of__initialization 001B  
          __end_of_Tabla 00AF           __pcstackCOMMON 0070            __end_of_Setup 0160  
      __end_of_Recib_ADC 01B5           _OPTION_REGbits 0081                  ??_Tabla 0072  
                ??_Setup 0023               __pbssBANK0 0020        __end_of_Stard_ADC 01C6  
             __pmaintext 0160               __pintentry 0004                  Tabla@V1 0070  
                _Centena 0020                  _Nibble2 007A                  __ptext1 01B5  
                __ptext2 0115                  __ptext3 00AF                  __ptext4 001F  
                __ptext5 01A0             __size_of_isr 0066     end_of_initialization 001B  
    start_initialization 0011              __end_of_isr 0115                _Recib_ADC 01A0  
              _Stard_ADC 01B5              __pbssCOMMON 0079                ___latbits 0002  
          __pcstackBANK0 0023               ?_Recib_ADC 0070               ?_Stard_ADC 0070  
         __size_of_Tabla 0090           __size_of_Setup 004B        interrupt_function 0004  
               _IOCBbits 0096                 _PIE1bits 008C                 _PIR1bits 000C  
             _ADCON0bits 001F               _ADCON1bits 009F              ??_Recib_ADC 0070  
            ??_Stard_ADC 0023            __size_of_main 0040               _INTCONbits 000B  
               intlevel1 0000               _OSCCONbits 008F  
